<?xml version="1.0" encoding="UTF-8"?>
<!-- Generated by org.testng.reporters.JUnitReportReporter -->
<testsuite hostname="DESKTOP-GPCN3AF" failures="0" tests="1" name="org.example.TestBrowser" time="12.789" errors="0" timestamp="30 Sep 2023 08:24:17 GMT">
  <testcase classname="org.example.TestBrowser" name="testData" time="12.789"/>
</testsuite> <!-- org.example.TestBrowser -->
